Determining if the pthread_create exist failed with the following output:
Change Dir: /home/yun/Desktop/GNU_lora/LoRa-SDR/gr-LoRaGW/build/CMakeFiles/CMakeTmp

Run Build Command:"/usr/bin/make" "cmTC_fcac7/fast"
/usr/bin/make -f CMakeFiles/cmTC_fcac7.dir/build.make CMakeFiles/cmTC_fcac7.dir/build
make[1]: Entering directory '/home/yun/Desktop/GNU_lora/LoRa-SDR/gr-LoRaGW/build/CMakeFiles/CMakeTmp'
Building C object CMakeFiles/cmTC_fcac7.dir/CheckSymbolExists.c.o
/usr/bin/cc   -std=gnu11 -o CMakeFiles/cmTC_fcac7.dir/CheckSymbolExists.c.o   -c /home/yun/Desktop/GNU_lora/LoRa-SDR/gr-LoRaGW/build/CMakeFiles/CMakeTmp/CheckSymbolExists.c
Linking C executable cmTC_fcac7
/usr/bin/cmake -E cmake_link_script CMakeFiles/cmTC_fcac7.dir/link.txt --verbose=1
/usr/bin/cc      CMakeFiles/cmTC_fcac7.dir/CheckSymbolExists.c.o  -o cmTC_fcac7 
CMakeFiles/cmTC_fcac7.dir/CheckSymbolExists.c.o: In function `main':
CheckSymbolExists.c:(.text+0x1b): undefined reference to `pthread_create'
collect2: error: ld returned 1 exit status
CMakeFiles/cmTC_fcac7.dir/build.make:97: recipe for target 'cmTC_fcac7' failed
make[1]: *** [cmTC_fcac7] Error 1
make[1]: Leaving directory '/home/yun/Desktop/GNU_lora/LoRa-SDR/gr-LoRaGW/build/CMakeFiles/CMakeTmp'
Makefile:126: recipe for target 'cmTC_fcac7/fast' failed
make: *** [cmTC_fcac7/fast] Error 2

File /home/yun/Desktop/GNU_lora/LoRa-SDR/gr-LoRaGW/build/CMakeFiles/CMakeTmp/CheckSymbolExists.c:
/* */
#include <pthread.h>

int main(int argc, char** argv)
{
  (void)argv;
#ifndef pthread_create
  return ((int*)(&pthread_create))[argc];
#else
  (void)argc;
  return 0;
#endif
}

Determining if the function pthread_create exists in the pthreads failed with the following output:
Change Dir: /home/yun/Desktop/GNU_lora/LoRa-SDR/gr-LoRaGW/build/CMakeFiles/CMakeTmp

Run Build Command:"/usr/bin/make" "cmTC_0a41b/fast"
/usr/bin/make -f CMakeFiles/cmTC_0a41b.dir/build.make CMakeFiles/cmTC_0a41b.dir/build
make[1]: Entering directory '/home/yun/Desktop/GNU_lora/LoRa-SDR/gr-LoRaGW/build/CMakeFiles/CMakeTmp'
Building C object CMakeFiles/cmTC_0a41b.dir/CheckFunctionExists.c.o
/usr/bin/cc   -DCHECK_FUNCTION_EXISTS=pthread_create   -std=gnu11 -o CMakeFiles/cmTC_0a41b.dir/CheckFunctionExists.c.o   -c /usr/share/cmake-3.10/Modules/CheckFunctionExists.c
Linking C executable cmTC_0a41b
/usr/bin/cmake -E cmake_link_script CMakeFiles/cmTC_0a41b.dir/link.txt --verbose=1
/usr/bin/cc  -DCHECK_FUNCTION_EXISTS=pthread_create    CMakeFiles/cmTC_0a41b.dir/CheckFunctionExists.c.o  -o cmTC_0a41b -lpthreads 
/usr/bin/ld: cannot find -lpthreads
collect2: error: ld returned 1 exit status
CMakeFiles/cmTC_0a41b.dir/build.make:97: recipe for target 'cmTC_0a41b' failed
make[1]: *** [cmTC_0a41b] Error 1
make[1]: Leaving directory '/home/yun/Desktop/GNU_lora/LoRa-SDR/gr-LoRaGW/build/CMakeFiles/CMakeTmp'
Makefile:126: recipe for target 'cmTC_0a41b/fast' failed
make: *** [cmTC_0a41b/fast] Error 2


